<?xml version="1.0" encoding="UTF-8"?>
<!-- Generated by org.testng.reporters.JUnitReportReporter -->
<testsuite skipped="0" hostname="LAPTOP-KKSC4670" name="testcases.LoginTest" tests="4" failures="0" timestamp="2020-07-31T19:05:39 IST" time="93.713" errors="0">
  <testcase name="Login" time="23.293" classname="testcases.LoginTest"/>
  <system-out/>
  <testcase name="Login" time="23.046" classname="testcases.LoginTest"/>
  <system-out/>
  <testcase name="Login" time="24.233" classname="testcases.LoginTest"/>
  <system-out/>
  <testcase name="Login" time="23.141" classname="testcases.LoginTest"/>
  <system-out/>
</testsuite> <!-- testcases.LoginTest -->
