<?xml version="1.0" encoding="UTF-8"?>
<!-- Generated by org.testng.reporters.JUnitReportReporter -->
<testsuite skipped="0" hostname="LAPTOP-KKSC4670" name="testcases.EmployTest" tests="1" failures="0" timestamp="2020-07-31T19:05:39 IST" time="15.210" errors="0">
  <testcase name="Login" time="15.210" classname="testcases.EmployTest"/>
  <system-out/>
</testsuite> <!-- testcases.EmployTest -->
